Flow report for sys_top
Thu Nov 28 09:14:00 2024
Quartus Prime Version 18.1.0 Build 625 09/12/2018 SJ Lite Edition


---------------------
; Table of Contents ;
---------------------
  1. Legal Notice
  2. Flow Summary
  3. Flow Settings
  4. Flow Non-Default Global Settings
  5. Flow Elapsed Time
  6. Flow OS Summary
  7. Flow Log
  8. Flow Messages
  9. Flow Suppressed Messages



----------------
; Legal Notice ;
----------------
Copyright (C) 2018  Intel Corporation. All rights reserved.
Your use of Intel Corporation's design tools, logic functions 
and other software and tools, and its AMPP partner logic 
functions, and any output files from any of the foregoing 
(including device programming or simulation files), and any 
associated documentation or information are expressly subject 
to the terms and conditions of the Intel Program License 
Subscription Agreement, the Intel Quartus Prime License Agreement,
the Intel FPGA IP License Agreement, or other applicable license
agreement, including, without limitation, that your use is for
the sole purpose of programming logic devices manufactured by
Intel and sold by Intel or its authorized distributors.  Please
refer to the applicable agreement for further details.



+-------------------------------------------------------------------------------+
; Flow Summary                                                                  ;
+---------------------------------+---------------------------------------------+
; Flow Status                     ; Successful - Thu Nov 28 09:13:49 2024       ;
; Quartus Prime Version           ; 18.1.0 Build 625 09/12/2018 SJ Lite Edition ;
; Revision Name                   ; sys_top                                     ;
; Top-level Entity Name           ; sys_top                                     ;
; Family                          ; Cyclone V                                   ;
; Device                          ; 5CSXFC6D6F31C6                              ;
; Timing Models                   ; Final                                       ;
; Logic utilization (in ALMs)     ; 1,038 / 41,910 ( 2 % )                      ;
; Total registers                 ; 1861                                        ;
; Total pins                      ; 12 / 499 ( 2 % )                            ;
; Total virtual pins              ; 0                                           ;
; Total block memory bits         ; 527,360 / 5,662,720 ( 9 % )                 ;
; Total DSP Blocks                ; 0 / 112 ( 0 % )                             ;
; Total HSSI RX PCSs              ; 0 / 9 ( 0 % )                               ;
; Total HSSI PMA RX Deserializers ; 0 / 9 ( 0 % )                               ;
; Total HSSI TX PCSs              ; 0 / 9 ( 0 % )                               ;
; Total HSSI PMA TX Serializers   ; 0 / 9 ( 0 % )                               ;
; Total PLLs                      ; 0 / 15 ( 0 % )                              ;
; Total DLLs                      ; 0 / 4 ( 0 % )                               ;
+---------------------------------+---------------------------------------------+


+-----------------------------------------+
; Flow Settings                           ;
+-------------------+---------------------+
; Option            ; Setting             ;
+-------------------+---------------------+
; Start date & time ; 11/28/2024 09:11:54 ;
; Main task         ; Compilation         ;
; Revision Name     ; sys_top             ;
+-------------------+---------------------+


+-------------------------------------------------------------------------------------------------------------------------------------------------------------------------------------------------------------------------------------------------------------------------+
; Flow Non-Default Global Settings                                                                                                                                                                                                                                        ;
+-------------------------------------+-------------------------------------------------------------------------------------------------------------------------------------------------------------------------+---------------+----------------------+------------------+
; Assignment Name                     ; Value                                                                                                                                                                   ; Default Value ; Entity Name          ; Section Id       ;
+-------------------------------------+-------------------------------------------------------------------------------------------------------------------------------------------------------------------------+---------------+----------------------+------------------+
; COMPILER_SIGNATURE_ID               ; 103488790386016.173275991413020                                                                                                                                         ; --            ; --                   ; --               ;
; ENABLE_SIGNALTAP                    ; On                                                                                                                                                                      ; --            ; --                   ; --               ;
; MAX_CORE_JUNCTION_TEMP              ; 85                                                                                                                                                                      ; --            ; --                   ; --               ;
; MIN_CORE_JUNCTION_TEMP              ; 0                                                                                                                                                                       ; --            ; --                   ; --               ;
; MISC_FILE                           ; system/synthesis/../system.cmp                                                                                                                                          ; --            ; --                   ; --               ;
; MISC_FILE                           ; system/synthesis/../../system.qsys                                                                                                                                      ; --            ; --                   ; --               ;
; NUM_PARALLEL_PROCESSORS             ; 3                                                                                                                                                                       ; --            ; --                   ; --               ;
; PARTITION_COLOR                     ; -- (Not supported for targeted family)                                                                                                                                  ; --            ; DE10_Standard_VIP_TV ; Top              ;
; PARTITION_COLOR                     ; -- (Not supported for targeted family)                                                                                                                                  ; --            ; Soc                  ; Top              ;
; PARTITION_COLOR                     ; -- (Not supported for targeted family)                                                                                                                                  ; --            ; --                   ; Top              ;
; PARTITION_FITTER_PRESERVATION_LEVEL ; -- (Not supported for targeted family)                                                                                                                                  ; --            ; DE10_Standard_VIP_TV ; Top              ;
; PARTITION_FITTER_PRESERVATION_LEVEL ; -- (Not supported for targeted family)                                                                                                                                  ; --            ; Soc                  ; Top              ;
; PARTITION_FITTER_PRESERVATION_LEVEL ; -- (Not supported for targeted family)                                                                                                                                  ; --            ; --                   ; Top              ;
; PARTITION_NETLIST_TYPE              ; -- (Not supported for targeted family)                                                                                                                                  ; --            ; DE10_Standard_VIP_TV ; Top              ;
; PARTITION_NETLIST_TYPE              ; -- (Not supported for targeted family)                                                                                                                                  ; --            ; Soc                  ; Top              ;
; PARTITION_NETLIST_TYPE              ; -- (Not supported for targeted family)                                                                                                                                  ; --            ; --                   ; Top              ;
; POWER_BOARD_THERMAL_MODEL           ; None (CONSERVATIVE)                                                                                                                                                     ; --            ; --                   ; --               ;
; POWER_PRESET_COOLING_SOLUTION       ; 23 MM HEAT SINK WITH 200 LFPM AIRFLOW                                                                                                                                   ; --            ; --                   ; --               ;
; PROJECT_OUTPUT_DIRECTORY            ; output_files                                                                                                                                                            ; --            ; --                   ; --               ;
; SLD_FILE                            ; system/synthesis/system.regmap                                                                                                                                          ; --            ; --                   ; --               ;
; SLD_FILE                            ; system/synthesis/system.debuginfo                                                                                                                                       ; --            ; --                   ; --               ;
; SLD_FILE                            ; db/stp1_auto_stripped.stp                                                                                                                                               ; --            ; --                   ; --               ;
; SLD_INFO                            ; QSYS_NAME system HAS_SOPCINFO 1 GENERATION_ID 1732639731                                                                                                                ; --            ; system               ; --               ;
; SLD_NODE_CREATOR_ID                 ; 110                                                                                                                                                                     ; --            ; --                   ; auto_signaltap_0 ;
; SLD_NODE_ENTITY_NAME                ; sld_signaltap                                                                                                                                                           ; --            ; --                   ; auto_signaltap_0 ;
; SLD_NODE_PARAMETER_ASSIGNMENT       ; SLD_RAM_BLOCK_TYPE=AUTO                                                                                                                                                 ; --            ; --                   ; auto_signaltap_0 ;
; SLD_NODE_PARAMETER_ASSIGNMENT       ; SLD_DATA_BITS=30                                                                                                                                                        ; --            ; --                   ; auto_signaltap_0 ;
; SLD_NODE_PARAMETER_ASSIGNMENT       ; SLD_TRIGGER_BITS=30                                                                                                                                                     ; --            ; --                   ; auto_signaltap_0 ;
; SLD_NODE_PARAMETER_ASSIGNMENT       ; SLD_STORAGE_QUALIFIER_BITS=30                                                                                                                                           ; --            ; --                   ; auto_signaltap_0 ;
; SLD_NODE_PARAMETER_ASSIGNMENT       ; SLD_NODE_INFO=805334528                                                                                                                                                 ; --            ; --                   ; auto_signaltap_0 ;
; SLD_NODE_PARAMETER_ASSIGNMENT       ; SLD_POWER_UP_TRIGGER=0                                                                                                                                                  ; --            ; --                   ; auto_signaltap_0 ;
; SLD_NODE_PARAMETER_ASSIGNMENT       ; SLD_INVERSION_MASK=0000000000000000000000000000000000000000000000000000000000000000000000000000000000000000000000000000000000000000000000000000000000000000000000000000 ; --            ; --                   ; auto_signaltap_0 ;
; SLD_NODE_PARAMETER_ASSIGNMENT       ; SLD_INVERSION_MASK_LENGTH=148                                                                                                                                           ; --            ; --                   ; auto_signaltap_0 ;
; SLD_NODE_PARAMETER_ASSIGNMENT       ; SLD_STORAGE_QUALIFIER_INVERSION_MASK_LENGTH=31                                                                                                                          ; --            ; --                   ; auto_signaltap_0 ;
; SLD_NODE_PARAMETER_ASSIGNMENT       ; SLD_SEGMENT_SIZE=8192                                                                                                                                                   ; --            ; --                   ; auto_signaltap_0 ;
; SLD_NODE_PARAMETER_ASSIGNMENT       ; SLD_ATTRIBUTE_MEM_MODE=OFF                                                                                                                                              ; --            ; --                   ; auto_signaltap_0 ;
; SLD_NODE_PARAMETER_ASSIGNMENT       ; SLD_STATE_FLOW_USE_GENERATED=0                                                                                                                                          ; --            ; --                   ; auto_signaltap_0 ;
; SLD_NODE_PARAMETER_ASSIGNMENT       ; SLD_STATE_BITS=11                                                                                                                                                       ; --            ; --                   ; auto_signaltap_0 ;
; SLD_NODE_PARAMETER_ASSIGNMENT       ; SLD_BUFFER_FULL_STOP=1                                                                                                                                                  ; --            ; --                   ; auto_signaltap_0 ;
; SLD_NODE_PARAMETER_ASSIGNMENT       ; SLD_CURRENT_RESOURCE_WIDTH=1                                                                                                                                            ; --            ; --                   ; auto_signaltap_0 ;
; SLD_NODE_PARAMETER_ASSIGNMENT       ; SLD_STORAGE_QUALIFIER_GAP_RECORD=1                                                                                                                                      ; --            ; --                   ; auto_signaltap_0 ;
; SLD_NODE_PARAMETER_ASSIGNMENT       ; SLD_STORAGE_QUALIFIER_MODE=TRANSITIONAL                                                                                                                                 ; --            ; --                   ; auto_signaltap_0 ;
; SLD_NODE_PARAMETER_ASSIGNMENT       ; SLD_INCREMENTAL_ROUTING=1                                                                                                                                               ; --            ; --                   ; auto_signaltap_0 ;
; SLD_NODE_PARAMETER_ASSIGNMENT       ; SLD_TRIGGER_LEVEL=1                                                                                                                                                     ; --            ; --                   ; auto_signaltap_0 ;
; SLD_NODE_PARAMETER_ASSIGNMENT       ; SLD_SAMPLE_DEPTH=8192                                                                                                                                                   ; --            ; --                   ; auto_signaltap_0 ;
; SLD_NODE_PARAMETER_ASSIGNMENT       ; SLD_TRIGGER_IN_ENABLED=0                                                                                                                                                ; --            ; --                   ; auto_signaltap_0 ;
; SLD_NODE_PARAMETER_ASSIGNMENT       ; SLD_TRIGGER_PIPELINE=0                                                                                                                                                  ; --            ; --                   ; auto_signaltap_0 ;
; SLD_NODE_PARAMETER_ASSIGNMENT       ; SLD_RAM_PIPELINE=0                                                                                                                                                      ; --            ; --                   ; auto_signaltap_0 ;
; SLD_NODE_PARAMETER_ASSIGNMENT       ; SLD_COUNTER_PIPELINE=0                                                                                                                                                  ; --            ; --                   ; auto_signaltap_0 ;
; SLD_NODE_PARAMETER_ASSIGNMENT       ; SLD_ADVANCED_TRIGGER_ENTITY=basic,1,                                                                                                                                    ; --            ; --                   ; auto_signaltap_0 ;
; SLD_NODE_PARAMETER_ASSIGNMENT       ; SLD_TRIGGER_LEVEL_PIPELINE=1                                                                                                                                            ; --            ; --                   ; auto_signaltap_0 ;
; SLD_NODE_PARAMETER_ASSIGNMENT       ; SLD_ENABLE_ADVANCED_TRIGGER=0                                                                                                                                           ; --            ; --                   ; auto_signaltap_0 ;
; SOPCINFO_FILE                       ; system/synthesis/../../system.sopcinfo                                                                                                                                  ; --            ; --                   ; --               ;
; SYNTHESIS_ONLY_QIP                  ; On                                                                                                                                                                      ; --            ; --                   ; --               ;
; USE_SIGNALTAP_FILE                  ; output_files/stp1.stp                                                                                                                                                   ; --            ; --                   ; --               ;
+-------------------------------------+-------------------------------------------------------------------------------------------------------------------------------------------------------------------------+---------------+----------------------+------------------+


+--------------------------------------------------------------------------------------------------------------------------+
; Flow Elapsed Time                                                                                                        ;
+----------------------+--------------+-------------------------+---------------------+------------------------------------+
; Module Name          ; Elapsed Time ; Average Processors Used ; Peak Virtual Memory ; Total CPU Time (on all processors) ;
+----------------------+--------------+-------------------------+---------------------+------------------------------------+
; Analysis & Synthesis ; 00:00:41     ; 1.0                     ; 4989 MB             ; 00:00:26                           ;
; Fitter               ; 00:00:59     ; 1.1                     ; 6554 MB             ; 00:01:01                           ;
; Assembler            ; 00:00:08     ; 1.0                     ; 4879 MB             ; 00:00:06                           ;
; Timing Analyzer      ; 00:00:10     ; 1.6                     ; 5211 MB             ; 00:00:10                           ;
; Total                ; 00:01:58     ; --                      ; --                  ; 00:01:43                           ;
+----------------------+--------------+-------------------------+---------------------+------------------------------------+


+------------------------------------------------------------------------------------+
; Flow OS Summary                                                                    ;
+----------------------+------------------+------------+------------+----------------+
; Module Name          ; Machine Hostname ; OS Name    ; OS Version ; Processor type ;
+----------------------+------------------+------------+------------+----------------+
; Analysis & Synthesis ; L-TC-147         ; Windows 10 ; 10.0       ; x86_64         ;
; Fitter               ; L-TC-147         ; Windows 10 ; 10.0       ; x86_64         ;
; Assembler            ; L-TC-147         ; Windows 10 ; 10.0       ; x86_64         ;
; Timing Analyzer      ; L-TC-147         ; Windows 10 ; 10.0       ; x86_64         ;
+----------------------+------------------+------------+------------+----------------+


------------
; Flow Log ;
------------
quartus_map --read_settings_files=on --write_settings_files=off Personal_Prj -c sys_top
quartus_fit --read_settings_files=off --write_settings_files=off Personal_Prj -c sys_top
quartus_asm --read_settings_files=off --write_settings_files=off Personal_Prj -c sys_top
quartus_sta Personal_Prj -c sys_top



